SIMAN Run Controller.

2581.4351 Hours>
                                      ARENA Simulation Results
                                     Usuario - License: STUDENT

                                  Summary for Replication 1 of 1

Project: Unnamed Project                                             Run execution date : 6/20/2019
Analyst: Usuario                                                     Model revision date: 6/20/2019

Replication ended at time      : 2581.4351 Hours 
Base Time Units: Hours

                                           TALLY VARIABLES

Identifier                                  Average   Half Width  Minimum    Maximum   Observations
___________________________________________________________________________________________________

PERSONA.VATime                              .00000     .00000     .00000     .00000       2589    
PERSONA.NVATime                             .00000     .00000     .00000     .00000       2589    
PERSONA.WaitTime                            .00000     .00000     .00000     .00000       2589    
PERSONA.TranTime                            .00000     .00000     .00000     .00000       2589    
PERSONA.OtherTime                           .00000     .00000     .00000     .00000       2589    
PERSONA.TotalTime                           .00000     .00000     .00000     .00000       2589    

                                     DISCRETE-CHANGE VARIABLES

Identifier                                  Average   Half Width  Minimum    Maximum   Final Value
___________________________________________________________________________________________________

PERSONA.WIP                                 .00000     (Insuf)    .00000     1.0000     .00000    

                                             OUTPUTS

Identifier                                   Value
_____________________________________________________________

PERSONA.NumberIn                            2589.0    
PERSONA.NumberOut                           2589.0    
System.NumberOut                            2589.0    


Simulation run time: 0.80 minutes.
Simulation run complete.
