
                                      ARENA Simulation Results
                                     Usuario - License: STUDENT

                                  Summary for Replication 1 of 10

Project: Caso1Ascensor                                               Run execution date : 8/ 2/2019
Analyst: UserFreddy                                                  Model revision date: 8/ 2/2019

Replication ended at time      : 86400.0 Seconds 
Base Time Units: Seconds

                                           TALLY VARIABLES

Identifier                                  Average   Half Width  Minimum    Maximum   Observations
___________________________________________________________________________________________________

Persona.VATime                                  --         --         --         --          0
Persona.NVATime                                 --         --         --         --          0
Persona.WaitTime                                --         --         --         --          0
Persona.TranTime                                --         --         --         --          0
Persona.OtherTime                               --         --         --         --          0
Persona.TotalTime                               --         --         --         --          0
Hombre.VATime                               1210.1     (Corr)     160.00     5488.5        394    
Hombre.NVATime                              .00000     .00000     .00000     .00000        394    
Hombre.WaitTime                             13.325     1.3788     .00000     67.770        394    
Hombre.TranTime                             .00000     .00000     .00000     .00000        394    
Hombre.OtherTime                            .00000     .00000     .00000     .00000        394    
Hombre.TotalTime                            1223.4     (Corr)     186.25     5523.0        394    
Mujer.VATime                                1226.9     84.951     165.62     5672.3        407    
Mujer.NVATime                               .00000     .00000     .00000     .00000        407    
Mujer.WaitTime                              13.470     1.2963     .00000     63.214        407    
Mujer.TranTime                              .00000     .00000     .00000     .00000        407    
Mujer.OtherTime                             .00000     .00000     .00000     .00000        407    
Mujer.TotalTime                             1240.3     85.693     179.56     5716.3        407    
Ingreso al Elevador PB.Queue.WaitingTime    .98191     (Insuf)    .00000     9.7710        274    
Ingreso al Elevador P2.Queue.WaitingTime    .52052     (Insuf)    .00000     8.0345        292    
Ingreso al Elevador P4.Queue.WaitingTime    .71735     (Insuf)    .00000     14.580        294    
Cola Espera Subir.Queue.WaitingTime         3.0416     .30961     .00000     22.217       1136    
Cola Espera Subir PB.Queue.WaitingTime      5.0187     (Insuf)    .00000     20.146        274    
Cola Espera Subir P2.Queue.WaitingTime      3.9041     (Insuf)    .00000     24.296        292    
Cola Espera Subir P3.Queue.WaitingTime      4.6351     (Insuf)    .00000     22.071        276    
Cola Espera Subir P4.Queue.WaitingTime      3.8855     (Insuf)    .00000     21.327        294    
Cola Subida.Queue.WaitingTime                   --         --         --         --          0
Grupo Personas en Ascensor de Subida.Queue  .56341     .14406     .00000     18.226       1136    
Ingreso al Elevador P3.Queue.WaitingTime    .73381     (Insuf)    .00000     11.476        276    
Grupo Personas Bajar P2.Queue.WaitingTime   .21167     (Insuf)    .00000     11.611        292    
Grupo Personas Bajar P3.Queue.WaitingTime   .11900     (Insuf)    .00000     5.0861        276    
Grupo Personas Bajar P4.Queue.WaitingTime   .12434     (Insuf)    .00000     10.935        294    
Grupo Personas SubirPB.Queue.WaitingTime    .16977     (Insuf)    .00000     5.9484        274    
Cola Bajada.Queue.WaitingTime                   --         --         --         --          0
Ingreso al Elevador de Subida.Queue.Waitin  .60600     .12386     .00000     18.226       1136    

                                     DISCRETE-CHANGE VARIABLES

Identifier                                  Average   Half Width  Minimum    Maximum   Final Value
___________________________________________________________________________________________________

Persona.WIP                                 .00000     (Insuf)    .00000     1.0000     .00000    
Hombre.WIP                                  5.7488     (Corr)     .00000     35.000     .00000    
Mujer.WIP                                   6.0249     (Corr)     .00000     31.000     .00000    
AscensorSubida.NumberBusy                   .26379     (Corr)     .00000     6.0000     .00000    
AscensorSubida.NumberScheduled              6.2825     (Corr)     .00000     11.000     11.000    
AscensorSubida.Utilization                  .17902     (Corr)     .00000     1.0000     .00000    
AscensorBajada.NumberBusy                   .16529     (Corr)     .00000     5.0000     .00000    
AscensorBajada.NumberScheduled              6.5016     (Corr)     .00000     11.000     11.000    
AscensorBajada.Utilization                  .12139     (Corr)     .00000     1.0000     .00000    
PuertaAscensor.NumberBusy                   .05779     (Corr)     .00000     1.0000     .00000    
PuertaAscensor.NumberScheduled              1.0000     (Insuf)    1.0000     1.0000     1.0000    
PuertaAscensor.Utilization                  .05779     (Corr)     .00000     1.0000     .00000    
Ingreso al Elevador PB.Queue.NumberInQueue  .00311     (Insuf)    .00000     2.0000     .00000    
Ingreso al Elevador P2.Queue.NumberInQueue  .00176     (Insuf)    .00000     2.0000     .00000    
Ingreso al Elevador P4.Queue.NumberInQueue  .00244     (Insuf)    .00000     2.0000     .00000    
Cola Espera Subir.Queue.NumberInQueue       .03999     (Corr)     .00000     3.0000     .00000    
Cola Espera Subir PB.Queue.NumberInQueue    .01592     (Corr)     .00000     3.0000     .00000    
Cola Espera Subir P2.Queue.NumberInQueue    .01319     (Insuf)    .00000     2.0000     .00000    
Cola Espera Subir P3.Queue.NumberInQueue    .01481     (Insuf)    .00000     3.0000     .00000    
Cola Espera Subir P4.Queue.NumberInQueue    .01322     (Insuf)    .00000     2.0000     .00000    
Cola Subida.Queue.NumberInQueue             .00000     (Insuf)    .00000     .00000     .00000    
Grupo Personas en Ascensor de Subida.Queue  .00741     (Corr)     .00000     6.0000     .00000    
Ingreso al Elevador P3.Queue.NumberInQueue  .00234     (Insuf)    .00000     2.0000     .00000    
Grupo Personas Bajar P2.Queue.NumberInQueu  7.1538E-04 (Insuf)    .00000     3.0000     .00000    
Grupo Personas Bajar P3.Queue.NumberInQueu  3.8015E-04 (Insuf)    .00000     3.0000     .00000    
Grupo Personas Bajar P4.Queue.NumberInQueu  4.2309E-04 (Insuf)    .00000     2.0000     .00000    
Grupo Personas SubirPB.Queue.NumberInQueue  5.3841E-04 (Insuf)    .00000     3.0000     .00000    
Cola Bajada.Queue.NumberInQueue             .00000     (Insuf)    .00000     .00000     .00000    
Ingreso al Elevador de Subida.Queue.Number  .00797     (Corr)     .00000     3.0000     .00000    

                                             OUTPUTS

Identifier                                   Value
_____________________________________________________________

Persona.NumberIn                            801.00    
Persona.NumberOut                           801.00    
Hombre.NumberIn                             1372.0    
Hombre.NumberOut                            1372.0    
Mujer.NumberIn                              1455.0    
Mujer.NumberOut                             1455.0    
AscensorSubida.NumberSeized                 1410.0    
AscensorSubida.ScheduledUtilization         .04199    
AscensorBajada.NumberSeized                 862.00    
AscensorBajada.ScheduledUtilization         .02542    
PuertaAscensor.NumberSeized                 2272.0    
PuertaAscensor.ScheduledUtilization         .05779    
System.NumberOut                            801.00    

Beginning replication 2 of 10

                                      ARENA Simulation Results
                                     Usuario - License: STUDENT

                                  Summary for Replication 2 of 10

Project: Caso1Ascensor                                               Run execution date : 8/ 2/2019
Analyst: UserFreddy                                                  Model revision date: 8/ 2/2019

Replication ended at time      : 86400.0 Seconds 
Base Time Units: Seconds

                                           TALLY VARIABLES

Identifier                                  Average   Half Width  Minimum    Maximum   Observations
___________________________________________________________________________________________________

Persona.VATime                                  --         --         --         --          0
Persona.NVATime                                 --         --         --         --          0
Persona.WaitTime                                --         --         --         --          0
Persona.TranTime                                --         --         --         --          0
Persona.OtherTime                               --         --         --         --          0
Persona.TotalTime                               --         --         --         --          0
Hombre.VATime                               1242.5     84.718     114.15     6949.8        441    
Hombre.NVATime                              .00000     .00000     .00000     .00000        441    
Hombre.WaitTime                             14.011     (Corr)     .00000     60.851        441    
Hombre.TranTime                             .00000     .00000     .00000     .00000        441    
Hombre.OtherTime                            .00000     .00000     .00000     .00000        441    
Hombre.TotalTime                            1256.5     85.361     114.15     6992.3        441    
Mujer.VATime                                1212.1     62.921     115.48     6303.3        449    
Mujer.NVATime                               .00000     .00000     .00000     .00000        449    
Mujer.WaitTime                              13.801     1.3453     .00000     58.190        449    
Mujer.TranTime                              .00000     .00000     .00000     .00000        449    
Mujer.OtherTime                             .00000     .00000     .00000     .00000        449    
Mujer.TotalTime                             1225.9     63.107     132.36     6331.4        449    
Ingreso al Elevador PB.Queue.WaitingTime    .73817     (Corr)     .00000     12.177        337    
Ingreso al Elevador P2.Queue.WaitingTime    .70726     (Insuf)    .00000     9.0764        301    
Ingreso al Elevador P4.Queue.WaitingTime    .82125     .19439     .00000     8.2434        334    
Cola Espera Subir.Queue.WaitingTime         3.2925     .30304     .00000     21.612       1271    
Cola Espera Subir PB.Queue.WaitingTime      4.6807     .62199     .00000     18.146        337    
Cola Espera Subir P2.Queue.WaitingTime      4.2032     (Insuf)    .00000     22.375        301    
Cola Espera Subir P3.Queue.WaitingTime      3.9191     (Insuf)    .00000     20.286        299    
Cola Espera Subir P4.Queue.WaitingTime      4.3353     .69549     .00000     19.327        334    
Cola Subida.Queue.WaitingTime                   --         --         --         --          0
Grupo Personas en Ascensor de Subida.Queue  .61264     .19819     .00000     22.191       1271    
Ingreso al Elevador P3.Queue.WaitingTime    .76218     (Insuf)    .00000     7.2720        299    
Grupo Personas Bajar P2.Queue.WaitingTime   .06163     (Insuf)    .00000     7.4633        301    
Grupo Personas Bajar P3.Queue.WaitingTime   .11131     (Insuf)    .00000     4.6186        299    
Grupo Personas Bajar P4.Queue.WaitingTime   .16800     (Corr)     .00000     9.7234        334    
Grupo Personas SubirPB.Queue.WaitingTime    .11810     .10953     .00000     8.5203        337    
Cola Bajada.Queue.WaitingTime                   --         --         --         --          0
Ingreso al Elevador de Subida.Queue.Waitin  .65955     .15797     .00000     11.000       1271    

                                     DISCRETE-CHANGE VARIABLES

Identifier                                  Average   Half Width  Minimum    Maximum   Final Value
___________________________________________________________________________________________________

Persona.WIP                                 .00000     (Insuf)    .00000     1.0000     .00000    
Hombre.WIP                                  6.6073     (Corr)     .00000     35.000     .00000    
Mujer.WIP                                   6.5689     (Corr)     .00000     31.000     .00000    
AscensorSubida.NumberBusy                   .29630     (Corr)     .00000     7.0000     .00000    
AscensorSubida.NumberScheduled              6.0911     (Corr)     .00000     11.000     11.000    
AscensorSubida.Utilization                  .19738     (Corr)     .00000     1.0000     .00000    
AscensorBajada.NumberBusy                   .17433     (Corr)     .00000     5.0000     .00000    
AscensorBajada.NumberScheduled              6.3790     (Corr)     .00000     11.000     11.000    
AscensorBajada.Utilization                  .12888     (Corr)     .00000     1.0000     .00000    
PuertaAscensor.NumberBusy                   .06207     (Corr)     .00000     1.0000     .00000    
PuertaAscensor.NumberScheduled              1.0000     (Insuf)    1.0000     1.0000     1.0000    
PuertaAscensor.Utilization                  .06207     (Corr)     .00000     1.0000     .00000    
Ingreso al Elevador PB.Queue.NumberInQueue  .00288     (Insuf)    .00000     3.0000     .00000    
Ingreso al Elevador P2.Queue.NumberInQueue  .00246     (Insuf)    .00000     2.0000     .00000    
Ingreso al Elevador P4.Queue.NumberInQueue  .00317     (Insuf)    .00000     2.0000     .00000    
Cola Espera Subir.Queue.NumberInQueue       .04844     (Corr)     .00000     3.0000     .00000    
Cola Espera Subir PB.Queue.NumberInQueue    .01826     (Corr)     .00000     3.0000     .00000    
Cola Espera Subir P2.Queue.NumberInQueue    .01464     (Insuf)    .00000     2.0000     .00000    
Cola Espera Subir P3.Queue.NumberInQueue    .01356     (Insuf)    .00000     3.0000     .00000    
Cola Espera Subir P4.Queue.NumberInQueue    .01676     (Corr)     .00000     3.0000     .00000    
Cola Subida.Queue.NumberInQueue             .00000     (Insuf)    .00000     .00000     .00000    
Grupo Personas en Ascensor de Subida.Queue  .00901     (Corr)     .00000     7.0000     .00000    
Ingreso al Elevador P3.Queue.NumberInQueue  .00264     (Insuf)    .00000     3.0000     .00000    
Grupo Personas Bajar P2.Queue.NumberInQueu  2.1470E-04 (Insuf)    .00000     2.0000     .00000    
Grupo Personas Bajar P3.Queue.NumberInQueu  3.8519E-04 (Insuf)    .00000     3.0000     .00000    
Grupo Personas Bajar P4.Queue.NumberInQueu  6.4944E-04 (Insuf)    .00000     3.0000     .00000    
Grupo Personas SubirPB.Queue.NumberInQueue  4.6064E-04 (Insuf)    .00000     3.0000     .00000    
Cola Bajada.Queue.NumberInQueue             .00000     (Insuf)    .00000     .00000     .00000    
Ingreso al Elevador de Subida.Queue.Number  .00970     (Corr)     .00000     4.0000     .00000    

                                             OUTPUTS

Identifier                                   Value
_____________________________________________________________

Persona.NumberIn                            890.00    
Persona.NumberOut                           890.00    
Hombre.NumberIn                             1557.0    
Hombre.NumberOut                            1557.0    
Mujer.NumberIn                              1589.0    
Mujer.NumberOut                             1589.0    
AscensorSubida.NumberSeized                 1608.0    
AscensorSubida.ScheduledUtilization         .04864    
AscensorBajada.NumberSeized                 934.00    
AscensorBajada.ScheduledUtilization         .02733    
PuertaAscensor.NumberSeized                 2542.0    
PuertaAscensor.ScheduledUtilization         .06207    
System.NumberOut                            890.00    

Beginning replication 3 of 10

                                      ARENA Simulation Results
                                     Usuario - License: STUDENT

                                  Summary for Replication 3 of 10

Project: Caso1Ascensor                                               Run execution date : 8/ 2/2019
Analyst: UserFreddy                                                  Model revision date: 8/ 2/2019

Replication ended at time      : 86400.0 Seconds 
Base Time Units: Seconds

                                           TALLY VARIABLES

Identifier                                  Average   Half Width  Minimum    Maximum   Observations
___________________________________________________________________________________________________

Persona.VATime                                  --         --         --         --          0
Persona.NVATime                                 --         --         --         --          0
Persona.WaitTime                                --         --         --         --          0
Persona.TranTime                                --         --         --         --          0
Persona.OtherTime                               --         --         --         --          0
Persona.TotalTime                               --         --         --         --          0
Hombre.VATime                               1140.6     82.705     101.85     4333.1        381    
Hombre.NVATime                              .00000     .00000     .00000     .00000        381    
Hombre.WaitTime                             12.856     .98344     .00000     45.762        381    
Hombre.TranTime                             .00000     .00000     .00000     .00000        381    
Hombre.OtherTime                            .00000     .00000     .00000     .00000        381    
Hombre.TotalTime                            1153.5     83.023     112.35     4355.7        381    
Mujer.VATime                                1156.8     85.913     146.46     4712.9        332    
Mujer.NVATime                               .00000     .00000     .00000     .00000        332    
Mujer.WaitTime                              11.074     1.6560     .00000     46.498        332    
Mujer.TranTime                              .00000     .00000     .00000     .00000        332    
Mujer.OtherTime                             .00000     .00000     .00000     .00000        332    
Mujer.TotalTime                             1167.9     86.424     160.89     4749.6        332    
Ingreso al Elevador PB.Queue.WaitingTime    .72545     (Insuf)    .00000     8.7335        233    
Ingreso al Elevador P2.Queue.WaitingTime    .58874     (Insuf)    .00000     7.9296        229    
Ingreso al Elevador P4.Queue.WaitingTime    .71621     (Insuf)    .00000     7.4562        261    
Cola Espera Subir.Queue.WaitingTime         2.8946     .35132     .00000     20.632        992    
Cola Espera Subir PB.Queue.WaitingTime      4.4126     (Insuf)    .00000     21.925        233    
Cola Espera Subir P2.Queue.WaitingTime      3.6189     (Insuf)    .00000     21.862        229    
Cola Espera Subir P3.Queue.WaitingTime      4.2794     (Insuf)    .00000     20.132        269    
Cola Espera Subir P4.Queue.WaitingTime      4.3051     (Insuf)    .00000     17.738        261    
Cola Subida.Queue.WaitingTime                   --         --         --         --          0
Grupo Personas en Ascensor de Subida.Queue  .34507     .07348     .00000     11.397        992    
Ingreso al Elevador P3.Queue.WaitingTime    .65294     (Insuf)    .00000     11.593        269    
Grupo Personas Bajar P2.Queue.WaitingTime   .21796     (Insuf)    .00000     6.3857        229    
Grupo Personas Bajar P3.Queue.WaitingTime   .17910     (Insuf)    .00000     13.376        269    
Grupo Personas Bajar P4.Queue.WaitingTime   .08147     (Insuf)    .00000     3.5760        261    
Grupo Personas SubirPB.Queue.WaitingTime    .07468     (Insuf)    .00000     6.5596        233    
Cola Bajada.Queue.WaitingTime                   --         --         --         --          0
Ingreso al Elevador de Subida.Queue.Waitin  .43015     .09052     .00000     11.397        992    

                                     DISCRETE-CHANGE VARIABLES

Identifier                                  Average   Half Width  Minimum    Maximum   Final Value
___________________________________________________________________________________________________

Persona.WIP                                 .00000     (Insuf)    .00000     1.0000     .00000    
Hombre.WIP                                  5.2544     (Corr)     .00000     25.000     .00000    
Mujer.WIP                                   4.6341     (Corr)     .00000     27.000     .00000    
AscensorSubida.NumberBusy                   .23493     (Corr)     .00000     5.0000     .00000    
AscensorSubida.NumberScheduled              6.4816     (Corr)     .00000     11.000     11.000    
AscensorSubida.Utilization                  .16915     (Corr)     .00000     1.0000     .00000    
AscensorBajada.NumberBusy                   .14527     (Corr)     .00000     4.0000     .00000    
AscensorBajada.NumberScheduled              6.6840     (Corr)     .00000     11.000     11.000    
AscensorBajada.Utilization                  .10759     (Corr)     .00000     1.0000     .00000    
PuertaAscensor.NumberBusy                   .04938     (Corr)     .00000     1.0000     .00000    
PuertaAscensor.NumberScheduled              1.0000     (Insuf)    1.0000     1.0000     1.0000    
PuertaAscensor.Utilization                  .04938     (Corr)     .00000     1.0000     .00000    
Ingreso al Elevador PB.Queue.NumberInQueue  .00196     (Insuf)    .00000     2.0000     .00000    
Ingreso al Elevador P2.Queue.NumberInQueue  .00156     (Insuf)    .00000     3.0000     .00000    
Ingreso al Elevador P4.Queue.NumberInQueue  .00216     (Insuf)    .00000     2.0000     .00000    
Cola Espera Subir.Queue.NumberInQueue       .03323     (Corr)     .00000     4.0000     .00000    
Cola Espera Subir PB.Queue.NumberInQueue    .01190     (Insuf)    .00000     2.0000     .00000    
Cola Espera Subir P2.Queue.NumberInQueue    .00959     (Insuf)    .00000     3.0000     .00000    
Cola Espera Subir P3.Queue.NumberInQueue    .01332     (Insuf)    .00000     3.0000     .00000    
Cola Espera Subir P4.Queue.NumberInQueue    .01301     (Insuf)    .00000     2.0000     .00000    
Cola Subida.Queue.NumberInQueue             .00000     (Insuf)    .00000     .00000     .00000    
Grupo Personas en Ascensor de Subida.Queue  .00396     (Insuf)    .00000     5.0000     .00000    
Ingreso al Elevador P3.Queue.NumberInQueue  .00203     (Insuf)    .00000     2.0000     .00000    
Grupo Personas Bajar P2.Queue.NumberInQueu  5.7769E-04 (Insuf)    .00000     3.0000     .00000    
Grupo Personas Bajar P3.Queue.NumberInQueu  5.5761E-04 (Insuf)    .00000     3.0000     .00000    
Grupo Personas Bajar P4.Queue.NumberInQueu  2.4610E-04 (Insuf)    .00000     2.0000     .00000    
Grupo Personas SubirPB.Queue.NumberInQueue  2.0139E-04 (Insuf)    .00000     2.0000     .00000    
Cola Bajada.Queue.NumberInQueue             .00000     (Insuf)    .00000     .00000     .00000    
Ingreso al Elevador de Subida.Queue.Number  .00494     (Corr)     .00000     4.0000     .00000    

                                             OUTPUTS

Identifier                                   Value
_____________________________________________________________

Persona.NumberIn                            713.00    
Persona.NumberOut                           713.00    
Hombre.NumberIn                             1347.0    
Hombre.NumberOut                            1347.0    
Mujer.NumberIn                              1175.0    
Mujer.NumberOut                             1175.0    
AscensorSubida.NumberSeized                 1225.0    
AscensorSubida.ScheduledUtilization         .03625    
AscensorBajada.NumberSeized                 759.00    
AscensorBajada.ScheduledUtilization         .02173    
PuertaAscensor.NumberSeized                 1984.0    
PuertaAscensor.ScheduledUtilization         .04938    
System.NumberOut                            713.00    

Beginning replication 4 of 10

                                      ARENA Simulation Results
                                     Usuario - License: STUDENT

                                  Summary for Replication 4 of 10

Project: Caso1Ascensor                                               Run execution date : 8/ 2/2019
Analyst: UserFreddy                                                  Model revision date: 8/ 2/2019

Replication ended at time      : 86400.0 Seconds 
Base Time Units: Seconds

                                           TALLY VARIABLES

Identifier                                  Average   Half Width  Minimum    Maximum   Observations
___________________________________________________________________________________________________

Persona.VATime                                  --         --         --         --          0
Persona.NVATime                                 --         --         --         --          0
Persona.WaitTime                                --         --         --         --          0
Persona.TranTime                                --         --         --         --          0
Persona.OtherTime                               --         --         --         --          0
Persona.TotalTime                               --         --         --         --          0
Hombre.VATime                               1158.7     65.680     101.82     4120.2        465    
Hombre.NVATime                              .00000     .00000     .00000     .00000        465    
Hombre.WaitTime                             13.135     1.1520     .00000     63.224        465    
Hombre.TranTime                             .00000     .00000     .00000     .00000        465    
Hombre.OtherTime                            .00000     .00000     .00000     .00000        465    
Hombre.TotalTime                            1171.9     66.090     118.87     4171.8        465    
Mujer.VATime                                1236.3     72.395     160.51     5694.3        485    
Mujer.NVATime                               .00000     .00000     .00000     .00000        485    
Mujer.WaitTime                              13.707     1.2947     .00000     68.149        485    
Mujer.TranTime                              .00000     .00000     .00000     .00000        485    
Mujer.OtherTime                             .00000     .00000     .00000     .00000        485    
Mujer.TotalTime                             1250.0     72.873     182.13     5721.9        485    
Ingreso al Elevador PB.Queue.WaitingTime    .67596     .17871     .00000     7.7989        352    
Ingreso al Elevador P2.Queue.WaitingTime    .89814     (Insuf)    .00000     14.666        318    
Ingreso al Elevador P4.Queue.WaitingTime    .59947     .12657     .00000     7.2110        362    
Cola Espera Subir.Queue.WaitingTime         3.3583     .36513     .00000     21.033       1327    
Cola Espera Subir PB.Queue.WaitingTime      4.4968     .63511     .00000     17.517        352    
Cola Espera Subir P2.Queue.WaitingTime      4.1984     (Insuf)    .00000     20.416        318    
Cola Espera Subir P3.Queue.WaitingTime      4.0665     (Insuf)    .00000     19.673        295    
Cola Espera Subir P4.Queue.WaitingTime      3.6450     .46381     .00000     17.317        362    
Cola Subida.Queue.WaitingTime                   --         --         --         --          0
Grupo Personas en Ascensor de Subida.Queue  .59982     .14192     .00000     13.960       1327    
Ingreso al Elevador P3.Queue.WaitingTime    .83146     (Insuf)    .00000     12.253        295    
Grupo Personas Bajar P2.Queue.WaitingTime   .13638     (Insuf)    .00000     8.0216        318    
Grupo Personas Bajar P3.Queue.WaitingTime   .16203     (Insuf)    .00000     4.8977        295    
Grupo Personas Bajar P4.Queue.WaitingTime   .10395     .05808     .00000     5.3419        362    
Grupo Personas SubirPB.Queue.WaitingTime    .10030     (Corr)     .00000     6.5297        352    
Cola Bajada.Queue.WaitingTime                   --         --         --         --          0
Ingreso al Elevador de Subida.Queue.Waitin  .69062     .16938     .00000     9.9444       1327    

                                     DISCRETE-CHANGE VARIABLES

Identifier                                  Average   Half Width  Minimum    Maximum   Final Value
___________________________________________________________________________________________________

Persona.WIP                                 .00000     (Insuf)    .00000     1.0000     .00000    
Hombre.WIP                                  6.5062     (Corr)     .00000     28.000     .00000    
Mujer.WIP                                   7.2253     (Corr)     .00000     45.000     .00000    
AscensorSubida.NumberBusy                   .30331     (Corr)     .00000     7.0000     .00000    
AscensorSubida.NumberScheduled              6.0695     (Corr)     .00000     11.000     11.000    
AscensorSubida.Utilization                  .19881     (Corr)     .00000     1.0000     .00000    
AscensorBajada.NumberBusy                   .18016     (Corr)     .00000     6.0000     .00000    
AscensorBajada.NumberScheduled              6.3403     (Corr)     .00000     11.000     11.000    
AscensorBajada.Utilization                  .12781     (Corr)     .00000     1.0000     .00000    
PuertaAscensor.NumberBusy                   .06412     (Corr)     .00000     1.0000     .00000    
PuertaAscensor.NumberScheduled              1.0000     (Insuf)    1.0000     1.0000     1.0000    
PuertaAscensor.Utilization                  .06412     (Corr)     .00000     1.0000     .00000    
Ingreso al Elevador PB.Queue.NumberInQueue  .00275     (Insuf)    .00000     2.0000     .00000    
Ingreso al Elevador P2.Queue.NumberInQueue  .00331     (Insuf)    .00000     2.0000     .00000    
Ingreso al Elevador P4.Queue.NumberInQueue  .00251     (Insuf)    .00000     2.0000     .00000    
Cola Espera Subir.Queue.NumberInQueue       .05158     (Corr)     .00000     4.0000     .00000    
Cola Espera Subir PB.Queue.NumberInQueue    .01832     (Corr)     .00000     2.0000     .00000    
Cola Espera Subir P2.Queue.NumberInQueue    .01545     (Corr)     .00000     2.0000     .00000    
Cola Espera Subir P3.Queue.NumberInQueue    .01388     (Insuf)    .00000     4.0000     .00000    
Cola Espera Subir P4.Queue.NumberInQueue    .01527     (Corr)     .00000     2.0000     .00000    
Cola Subida.Queue.NumberInQueue             .00000     (Insuf)    .00000     .00000     .00000    
Grupo Personas en Ascensor de Subida.Queue  .00921     (Corr)     .00000     5.0000     .00000    
Ingreso al Elevador P3.Queue.NumberInQueue  .00284     (Insuf)    .00000     4.0000     .00000    
Grupo Personas Bajar P2.Queue.NumberInQueu  5.0194E-04 (Insuf)    .00000     2.0000     .00000    
Grupo Personas Bajar P3.Queue.NumberInQueu  5.5324E-04 (Insuf)    .00000     4.0000     .00000    
Grupo Personas Bajar P4.Queue.NumberInQueu  4.3553E-04 (Insuf)    .00000     2.0000     .00000    
Grupo Personas SubirPB.Queue.NumberInQueue  4.0862E-04 (Insuf)    .00000     3.0000     .00000    
Cola Bajada.Queue.NumberInQueue             .00000     (Insuf)    .00000     .00000     .00000    
Ingreso al Elevador de Subida.Queue.Number  .01061     (Corr)     .00000     4.0000     .00000    

                                             OUTPUTS

Identifier                                   Value
_____________________________________________________________

Persona.NumberIn                            950.00    
Persona.NumberOut                           950.00    
Hombre.NumberIn                             1611.0    
Hombre.NumberOut                            1611.0    
Mujer.NumberIn                              1683.0    
Mujer.NumberOut                             1683.0    
AscensorSubida.NumberSeized                 1679.0    
AscensorSubida.ScheduledUtilization         .04997    
AscensorBajada.NumberSeized                 975.00    
AscensorBajada.ScheduledUtilization         .02842    
PuertaAscensor.NumberSeized                 2654.0    
PuertaAscensor.ScheduledUtilization         .06412    
System.NumberOut                            950.00    

Beginning replication 5 of 10

                                      ARENA Simulation Results
                                     Usuario - License: STUDENT

                                  Summary for Replication 5 of 10

Project: Caso1Ascensor                                               Run execution date : 8/ 2/2019
Analyst: UserFreddy                                                  Model revision date: 8/ 2/2019

Replication ended at time      : 86400.0 Seconds 
Base Time Units: Seconds

                                           TALLY VARIABLES

Identifier                                  Average   Half Width  Minimum    Maximum   Observations
___________________________________________________________________________________________________

Persona.VATime                                  --         --         --         --          0
Persona.NVATime                                 --         --         --         --          0
Persona.WaitTime                                --         --         --         --          0
Persona.TranTime                                --         --         --         --          0
Persona.OtherTime                               --         --         --         --          0
Persona.TotalTime                               --         --         --         --          0
Hombre.VATime                               1172.5     74.678     159.96     4181.0        478    
Hombre.NVATime                              .00000     .00000     .00000     .00000        478    
Hombre.WaitTime                             13.257     1.1060     .00000     77.145        478    
Hombre.TranTime                             .00000     .00000     .00000     .00000        478    
Hombre.OtherTime                            .00000     .00000     .00000     .00000        478    
Hombre.TotalTime                            1185.7     75.023     178.09     4184.8        478    
Mujer.VATime                                1196.4     67.611     134.58     4639.0        416    
Mujer.NVATime                               .00000     .00000     .00000     .00000        416    
Mujer.WaitTime                              12.516     1.2329     .00000     62.822        416    
Mujer.TranTime                              .00000     .00000     .00000     .00000        416    
Mujer.OtherTime                             .00000     .00000     .00000     .00000        416    
Mujer.TotalTime                             1208.9     67.886     134.58     4672.7        416    
Ingreso al Elevador PB.Queue.WaitingTime    .64372     (Insuf)    .00000     10.505        302    
Ingreso al Elevador P2.Queue.WaitingTime    .72257     .23079     .00000     10.405        322    
Ingreso al Elevador P4.Queue.WaitingTime    .76714     .24221     .00000     11.331        328    
Cola Espera Subir.Queue.WaitingTime         3.3049     .27949     .00000     18.867       1237    
Cola Espera Subir PB.Queue.WaitingTime      4.7657     (Insuf)    .00000     21.362        302    
Cola Espera Subir P2.Queue.WaitingTime      4.2505     .74469     .00000     21.558        322    
Cola Espera Subir P3.Queue.WaitingTime      3.5314     (Insuf)    .00000     16.896        285    
Cola Espera Subir P4.Queue.WaitingTime      3.5931     .46250     .00000     19.237        328    
Cola Subida.Queue.WaitingTime                   --         --         --         --          0
Grupo Personas en Ascensor de Subida.Queue  .55245     (Corr)     .00000     10.201       1237    
Ingreso al Elevador P3.Queue.WaitingTime    .67760     (Insuf)    .00000     13.873        285    
Grupo Personas Bajar P2.Queue.WaitingTime   .12748     .08057     .00000     4.8013        322    
Grupo Personas Bajar P3.Queue.WaitingTime   .11169     (Insuf)    .00000     10.405        285    
Grupo Personas Bajar P4.Queue.WaitingTime   .14266     .09015     .00000     7.5546        328    
Grupo Personas SubirPB.Queue.WaitingTime    .06543     (Insuf)    .00000     4.3000        302    
Cola Bajada.Queue.WaitingTime                   --         --         --         --          0
Ingreso al Elevador de Subida.Queue.Waitin  .62115     .09726     .00000     11.372       1237    

                                     DISCRETE-CHANGE VARIABLES

Identifier                                  Average   Half Width  Minimum    Maximum   Final Value
___________________________________________________________________________________________________

Persona.WIP                                 .00000     (Insuf)    .00000     1.0000     .00000    
Hombre.WIP                                  6.7660     (Corr)     .00000     35.000     .00000    
Mujer.WIP                                   5.9984     (Corr)     .00000     28.000     .00000    
AscensorSubida.NumberBusy                   .28611     (Corr)     .00000     8.0000     .00000    
AscensorSubida.NumberScheduled              6.1298     (Corr)     .00000     11.000     11.000    
AscensorSubida.Utilization                  .19139     (Corr)     .00000     1.0000     .00000    
AscensorBajada.NumberBusy                   .17513     (Corr)     .00000     7.0000     .00000    
AscensorBajada.NumberScheduled              6.4064     (Corr)     .00000     11.000     11.000    
AscensorBajada.Utilization                  .12636     (Corr)     .00000     1.0000     .00000    
PuertaAscensor.NumberBusy                   .06078     (Corr)     .00000     1.0000     .00000    
PuertaAscensor.NumberScheduled              1.0000     (Insuf)    1.0000     1.0000     1.0000    
PuertaAscensor.Utilization                  .06078     (Corr)     .00000     1.0000     .00000    
Ingreso al Elevador PB.Queue.NumberInQueue  .00225     (Insuf)    .00000     2.0000     .00000    
Ingreso al Elevador P2.Queue.NumberInQueue  .00269     (Insuf)    .00000     2.0000     .00000    
Ingreso al Elevador P4.Queue.NumberInQueue  .00291     (Insuf)    .00000     2.0000     .00000    
Cola Espera Subir.Queue.NumberInQueue       .04732     (Corr)     .00000     4.0000     .00000    
Cola Espera Subir PB.Queue.NumberInQueue    .01666     (Corr)     .00000     2.0000     .00000    
Cola Espera Subir P2.Queue.NumberInQueue    .01584     (Corr)     .00000     2.0000     .00000    
Cola Espera Subir P3.Queue.NumberInQueue    .01165     (Insuf)    .00000     2.0000     .00000    
Cola Espera Subir P4.Queue.NumberInQueue    .01364     (Insuf)    .00000     2.0000     .00000    
Cola Subida.Queue.NumberInQueue             .00000     (Insuf)    .00000     .00000     .00000    
Grupo Personas en Ascensor de Subida.Queue  .00791     .00525     .00000     5.0000     .00000    
Ingreso al Elevador P3.Queue.NumberInQueue  .00224     (Insuf)    .00000     2.0000     .00000    
Grupo Personas Bajar P2.Queue.NumberInQueu  4.7511E-04 (Insuf)    .00000     2.0000     .00000    
Grupo Personas Bajar P3.Queue.NumberInQueu  3.6842E-04 (Insuf)    .00000     2.0000     .00000    
Grupo Personas Bajar P4.Queue.NumberInQueu  5.4156E-04 (Insuf)    .00000     2.0000     .00000    
Grupo Personas SubirPB.Queue.NumberInQueue  2.2871E-04 (Insuf)    .00000     2.0000     .00000    
Cola Bajada.Queue.NumberInQueue             .00000     (Insuf)    .00000     .00000     .00000    
Ingreso al Elevador de Subida.Queue.Number  .00889     (Corr)     .00000     4.0000     .00000    

                                             OUTPUTS

Identifier                                   Value
_____________________________________________________________

Persona.NumberIn                            894.00    
Persona.NumberOut                           894.00    
Hombre.NumberIn                             1664.0    
Hombre.NumberOut                            1664.0    
Mujer.NumberIn                              1439.0    
Mujer.NumberOut                             1439.0    
AscensorSubida.NumberSeized                 1539.0    
AscensorSubida.ScheduledUtilization         .04667    
AscensorBajada.NumberSeized                 935.00    
AscensorBajada.ScheduledUtilization         .02734    
PuertaAscensor.NumberSeized                 2474.0    
PuertaAscensor.ScheduledUtilization         .06078    
System.NumberOut                            894.00    

Beginning replication 6 of 10

                                      ARENA Simulation Results
                                     Usuario - License: STUDENT

                                  Summary for Replication 6 of 10

Project: Caso1Ascensor                                               Run execution date : 8/ 2/2019
Analyst: UserFreddy                                                  Model revision date: 8/ 2/2019

Replication ended at time      : 86400.0 Seconds 
Base Time Units: Seconds

                                           TALLY VARIABLES

Identifier                                  Average   Half Width  Minimum    Maximum   Observations
___________________________________________________________________________________________________

Persona.VATime                                  --         --         --         --          0
Persona.NVATime                                 --         --         --         --          0
Persona.WaitTime                                --         --         --         --          0
Persona.TranTime                                --         --         --         --          0
Persona.OtherTime                               --         --         --         --          0
Persona.TotalTime                               --         --         --         --          0
Hombre.VATime                               1209.6     81.630     137.02     5044.9        437    
Hombre.NVATime                              .00000     .00000     .00000     .00000        437    
Hombre.WaitTime                             13.292     1.2763     .00000     67.022        437    
Hombre.TranTime                             .00000     .00000     .00000     .00000        437    
Hombre.OtherTime                            .00000     .00000     .00000     .00000        437    
Hombre.TotalTime                            1222.9     82.029     163.09     5089.1        437    
Mujer.VATime                                1153.6     67.451     166.25     4463.6        449    
Mujer.NVATime                               .00000     .00000     .00000     .00000        449    
Mujer.WaitTime                              12.187     1.3009     .00000     49.734        449    
Mujer.TranTime                              .00000     .00000     .00000     .00000        449    
Mujer.OtherTime                             .00000     .00000     .00000     .00000        449    
Mujer.TotalTime                             1165.7     67.938     181.54     4501.8        449    
Ingreso al Elevador PB.Queue.WaitingTime    .73487     (Insuf)    .00000     10.502        285    
Ingreso al Elevador P2.Queue.WaitingTime    .72360     (Insuf)    .00000     9.8035        315    
Ingreso al Elevador P4.Queue.WaitingTime    .70125     (Insuf)    .00000     12.131        297    
Cola Espera Subir.Queue.WaitingTime         3.3347     .37155     .00000     19.861       1211    
Cola Espera Subir PB.Queue.WaitingTime      4.2978     (Insuf)    .00000     18.684        285    
Cola Espera Subir P2.Queue.WaitingTime      4.4059     (Insuf)    .00000     21.165        315    
Cola Espera Subir P3.Queue.WaitingTime      4.0977     (Insuf)    .00000     20.109        314    
Cola Espera Subir P4.Queue.WaitingTime      4.0259     (Insuf)    .00000     20.607        297    
Cola Subida.Queue.WaitingTime                   --         --         --         --          0
Grupo Personas en Ascensor de Subida.Queue  .44593     .11287     .00000     16.339       1211    
Ingreso al Elevador P3.Queue.WaitingTime    .48952     (Insuf)    .00000     6.6377        314    
Grupo Personas Bajar P2.Queue.WaitingTime   .11080     (Insuf)    .00000     6.5356        315    
Grupo Personas Bajar P3.Queue.WaitingTime   .13816     (Insuf)    .00000     8.3849        314    
Grupo Personas Bajar P4.Queue.WaitingTime   .14756     (Insuf)    .00000     7.9873        297    
Grupo Personas SubirPB.Queue.WaitingTime    .08255     (Insuf)    .00000     4.2586        285    
Cola Bajada.Queue.WaitingTime                   --         --         --         --          0
Ingreso al Elevador de Subida.Queue.Waitin  .54708     .12659     .00000     16.339       1211    

                                     DISCRETE-CHANGE VARIABLES

Identifier                                  Average   Half Width  Minimum    Maximum   Final Value
___________________________________________________________________________________________________

Persona.WIP                                 .00000     (Insuf)    .00000     1.0000     .00000    
Hombre.WIP                                  6.3720     (Corr)     .00000     29.000     .00000    
Mujer.WIP                                   6.2494     (Corr)     .00000     27.000     .00000    
AscensorSubida.NumberBusy                   .27358     (Corr)     .00000     6.0000     .00000    
AscensorSubida.NumberScheduled              6.1055     (Corr)     .00000     11.000     11.000    
AscensorSubida.Utilization                  .18923     (Corr)     .00000     1.0000     .00000    
AscensorBajada.NumberBusy                   .17576     (Corr)     .00000     6.0000     .00000    
AscensorBajada.NumberScheduled              6.3755     (Corr)     .00000     11.000     11.000    
AscensorBajada.Utilization                  .13032     (Corr)     .00000     1.0000     .00000    
PuertaAscensor.NumberBusy                   .05903     (Corr)     .00000     1.0000     .00000    
PuertaAscensor.NumberScheduled              1.0000     (Insuf)    1.0000     1.0000     1.0000    
PuertaAscensor.Utilization                  .05903     (Corr)     .00000     1.0000     .00000    
Ingreso al Elevador PB.Queue.NumberInQueue  .00242     (Insuf)    .00000     2.0000     .00000    
Ingreso al Elevador P2.Queue.NumberInQueue  .00264     (Insuf)    .00000     2.0000     .00000    
Ingreso al Elevador P4.Queue.NumberInQueue  .00241     (Insuf)    .00000     4.0000     .00000    
Cola Espera Subir.Queue.NumberInQueue       .04674     (Corr)     .00000     3.0000     .00000    
Cola Espera Subir PB.Queue.NumberInQueue    .01418     (Insuf)    .00000     2.0000     .00000    
Cola Espera Subir P2.Queue.NumberInQueue    .01606     (Corr)     .00000     2.0000     .00000    
Cola Espera Subir P3.Queue.NumberInQueue    .01489     (Corr)     .00000     3.0000     .00000    
Cola Espera Subir P4.Queue.NumberInQueue    .01384     (Insuf)    .00000     4.0000     .00000    
Cola Subida.Queue.NumberInQueue             .00000     (Insuf)    .00000     .00000     .00000    
Grupo Personas en Ascensor de Subida.Queue  .00625     (Corr)     .00000     6.0000     .00000    
Ingreso al Elevador P3.Queue.NumberInQueue  .00178     (Insuf)    .00000     2.0000     .00000    
Grupo Personas Bajar P2.Queue.NumberInQueu  4.0395E-04 (Insuf)    .00000     2.0000     .00000    
Grupo Personas Bajar P3.Queue.NumberInQueu  5.0212E-04 (Insuf)    .00000     3.0000     .00000    
Grupo Personas Bajar P4.Queue.NumberInQueu  5.0723E-04 (Insuf)    .00000     4.0000     .00000    
Grupo Personas SubirPB.Queue.NumberInQueue  2.7231E-04 (Insuf)    .00000     2.0000     .00000    
Cola Bajada.Queue.NumberInQueue             .00000     (Insuf)    .00000     .00000     .00000    
Ingreso al Elevador de Subida.Queue.Number  .00767     (Corr)     .00000     4.0000     .00000    

                                             OUTPUTS

Identifier                                   Value
_____________________________________________________________

Persona.NumberIn                            886.00    
Persona.NumberOut                           886.00    
Hombre.NumberIn                             1511.0    
Hombre.NumberOut                            1511.0    
Mujer.NumberIn                              1550.0    
Mujer.NumberOut                             1550.0    
AscensorSubida.NumberSeized                 1496.0    
AscensorSubida.ScheduledUtilization         .04481    
AscensorBajada.NumberSeized                 926.00    
AscensorBajada.ScheduledUtilization         .02757    
PuertaAscensor.NumberSeized                 2422.0    
PuertaAscensor.ScheduledUtilization         .05903    
System.NumberOut                            886.00    

Beginning replication 7 of 10

                                      ARENA Simulation Results
                                     Usuario - License: STUDENT

                                  Summary for Replication 7 of 10

Project: Caso1Ascensor                                               Run execution date : 8/ 2/2019
Analyst: UserFreddy                                                  Model revision date: 8/ 2/2019

Replication ended at time      : 86400.0 Seconds 
Base Time Units: Seconds

                                           TALLY VARIABLES

Identifier                                  Average   Half Width  Minimum    Maximum   Observations
___________________________________________________________________________________________________

Persona.VATime                                  --         --         --         --          0
Persona.NVATime                                 --         --         --         --          0
Persona.WaitTime                                --         --         --         --          0
Persona.TranTime                                --         --         --         --          0
Persona.OtherTime                               --         --         --         --          0
Persona.TotalTime                               --         --         --         --          0
Hombre.VATime                               1300.6     90.433     159.53     6103.3        408    
Hombre.NVATime                              .00000     .00000     .00000     .00000        408    
Hombre.WaitTime                             14.396     1.8001     .00000     66.956        408    
Hombre.TranTime                             .00000     .00000     .00000     .00000        408    
Hombre.OtherTime                            .00000     .00000     .00000     .00000        408    
Hombre.TotalTime                            1315.0     91.241     169.98     6152.2        408    
Mujer.VATime                                1145.1     83.488     134.43     4714.1        428    
Mujer.NVATime                               .00000     .00000     .00000     .00000        428    
Mujer.WaitTime                              13.075     1.5471     .00000     56.668        428    
Mujer.TranTime                              .00000     .00000     .00000     .00000        428    
Mujer.OtherTime                             .00000     .00000     .00000     .00000        428    
Mujer.TotalTime                             1158.2     84.074     138.04     4744.1        428    
Ingreso al Elevador PB.Queue.WaitingTime    .87369     (Insuf)    .00000     13.452        285    
Ingreso al Elevador P2.Queue.WaitingTime    .86366     (Insuf)    .00000     16.748        279    
Ingreso al Elevador P4.Queue.WaitingTime    .66297     (Insuf)    .00000     8.6147        305    
Cola Espera Subir.Queue.WaitingTime         3.1091     .33063     .00000     21.386       1181    
Cola Espera Subir PB.Queue.WaitingTime      4.3763     (Insuf)    .00000     23.301        285    
Cola Espera Subir P2.Queue.WaitingTime      4.4347     (Insuf)    .00000     19.903        279    
Cola Espera Subir P3.Queue.WaitingTime      3.9007     (Insuf)    .00000     22.406        312    
Cola Espera Subir P4.Queue.WaitingTime      4.5249     (Insuf)    .00000     19.328        305    
Cola Subida.Queue.WaitingTime                   --         --         --         --          0
Grupo Personas en Ascensor de Subida.Queue  .63148     (Corr)     .00000     27.751       1181    
Ingreso al Elevador P3.Queue.WaitingTime    1.0051     (Insuf)    .00000     16.214        312    
Grupo Personas Bajar P2.Queue.WaitingTime   .17870     (Insuf)    .00000     8.1502        279    
Grupo Personas Bajar P3.Queue.WaitingTime   .18683     (Insuf)    .00000     8.8136        312    
Grupo Personas Bajar P4.Queue.WaitingTime   .10963     (Insuf)    .00000     4.8361        305    
Grupo Personas SubirPB.Queue.WaitingTime    .15084     (Insuf)    .00000     8.8770        285    
Cola Bajada.Queue.WaitingTime                   --         --         --         --          0
Ingreso al Elevador de Subida.Queue.Waitin  .66071     (Corr)     .00000     10.990       1181    

                                     DISCRETE-CHANGE VARIABLES

Identifier                                  Average   Half Width  Minimum    Maximum   Final Value
___________________________________________________________________________________________________

Persona.WIP                                 .00000     (Insuf)    .00000     1.0000     .00000    
Hombre.WIP                                  6.3972     (Corr)     .00000     35.000     .00000    
Mujer.WIP                                   5.9130     (Corr)     .00000     32.000     .00000    
AscensorSubida.NumberBusy                   .27164     (Corr)     .00000     11.000     .00000    
AscensorSubida.NumberScheduled              6.2958     (Corr)     .00000     11.000     11.000    
AscensorSubida.Utilization                  .17972     (Corr)     .00000     1.0000     .00000    
AscensorBajada.NumberBusy                   .16626     (Corr)     .00000     7.0000     .00000    
AscensorBajada.NumberScheduled              6.5217     (Corr)     .00000     11.000     11.000    
AscensorBajada.Utilization                  .11844     (Corr)     .00000     1.0000     .00000    
PuertaAscensor.NumberBusy                   .05831     (Corr)     .00000     1.0000     .00000    
PuertaAscensor.NumberScheduled              1.0000     (Insuf)    1.0000     1.0000     1.0000    
PuertaAscensor.Utilization                  .05831     (Corr)     .00000     1.0000     .00000    
Ingreso al Elevador PB.Queue.NumberInQueue  .00288     (Insuf)    .00000     2.0000     .00000    
Ingreso al Elevador P2.Queue.NumberInQueue  .00279     (Insuf)    .00000     2.0000     .00000    
Ingreso al Elevador P4.Queue.NumberInQueue  .00234     (Insuf)    .00000     2.0000     .00000    
Cola Espera Subir.Queue.NumberInQueue       .04250     (Corr)     .00000     4.0000     .00000    
Cola Espera Subir PB.Queue.NumberInQueue    .01444     (Insuf)    .00000     2.0000     .00000    
Cola Espera Subir P2.Queue.NumberInQueue    .01432     (Insuf)    .00000     2.0000     .00000    
Cola Espera Subir P3.Queue.NumberInQueue    .01409     (Insuf)    .00000     3.0000     .00000    
Cola Espera Subir P4.Queue.NumberInQueue    .01597     (Corr)     .00000     2.0000     .00000    
Cola Subida.Queue.NumberInQueue             .00000     (Insuf)    .00000     .00000     .00000    
Grupo Personas en Ascensor de Subida.Queue  .00863     .00671     .00000     6.0000     .00000    
Ingreso al Elevador P3.Queue.NumberInQueue  .00363     (Insuf)    .00000     3.0000     .00000    
Grupo Personas Bajar P2.Queue.NumberInQueu  5.7704E-04 (Insuf)    .00000     2.0000     .00000    
Grupo Personas Bajar P3.Queue.NumberInQueu  6.7465E-04 (Insuf)    .00000     3.0000     .00000    
Grupo Personas Bajar P4.Queue.NumberInQueu  3.8700E-04 (Insuf)    .00000     2.0000     .00000    
Grupo Personas SubirPB.Queue.NumberInQueue  4.9757E-04 (Insuf)    .00000     2.0000     .00000    
Cola Bajada.Queue.NumberInQueue             .00000     (Insuf)    .00000     .00000     .00000    
Ingreso al Elevador de Subida.Queue.Number  .00903     .00649     .00000     4.0000     .00000    

                                             OUTPUTS

Identifier                                   Value
_____________________________________________________________

Persona.NumberIn                            836.00    
Persona.NumberOut                           836.00    
Hombre.NumberIn                             1487.0    
Hombre.NumberOut                            1487.0    
Mujer.NumberIn                              1439.0    
Mujer.NumberOut                             1439.0    
AscensorSubida.NumberSeized                 1466.0    
AscensorSubida.ScheduledUtilization         .04315    
AscensorBajada.NumberSeized                 896.00    
AscensorBajada.ScheduledUtilization         .02549    
PuertaAscensor.NumberSeized                 2362.0    
PuertaAscensor.ScheduledUtilization         .05831    
System.NumberOut                            836.00    

Beginning replication 8 of 10

                                      ARENA Simulation Results
                                     Usuario - License: STUDENT

                                  Summary for Replication 8 of 10

Project: Caso1Ascensor                                               Run execution date : 8/ 2/2019
Analyst: UserFreddy                                                  Model revision date: 8/ 2/2019

Replication ended at time      : 76249.584 Seconds 
Base Time Units: Seconds

                                           TALLY VARIABLES

Identifier                                  Average   Half Width  Minimum    Maximum   Observations
___________________________________________________________________________________________________

Persona.VATime                                  --         --         --         --          0
Persona.NVATime                                 --         --         --         --          0
Persona.WaitTime                                --         --         --         --          0
Persona.TranTime                                --         --         --         --          0
Persona.OtherTime                               --         --         --         --          0
Persona.TotalTime                               --         --         --         --          0
Hombre.VATime                               1223.3     81.811     173.04     4464.0        377    
Hombre.NVATime                              .00000     .00000     .00000     .00000        377    
Hombre.WaitTime                             11.771     1.5398     .00000     71.745        377    
Hombre.TranTime                             .00000     .00000     .00000     .00000        377    
Hombre.OtherTime                            .00000     .00000     .00000     .00000        377    
Hombre.TotalTime                            1235.0     82.627     181.85     4484.9        377    
Mujer.VATime                                1259.7     85.773     155.43     6740.8        393    
Mujer.NVATime                               .00000     .00000     .00000     .00000        393    
Mujer.WaitTime                              12.198     1.4173     .00000     65.919        393    
Mujer.TranTime                              .00000     .00000     .00000     .00000        393    
Mujer.OtherTime                             .00000     .00000     .00000     .00000        393    
Mujer.TotalTime                             1271.9     86.738     157.50     6806.7        393    
Ingreso al Elevador PB.Queue.WaitingTime    .77892     (Insuf)    .00000     12.350        310    
Ingreso al Elevador P2.Queue.WaitingTime    .53213     (Insuf)    .00000     14.938        293    
Ingreso al Elevador P4.Queue.WaitingTime    .57668     (Insuf)    .00000     8.3914        276    
Cola Espera Subir.Queue.WaitingTime         2.7988     .26204     .00000     19.960       1112    
Cola Espera Subir PB.Queue.WaitingTime      3.9681     (Insuf)    .00000     21.876        310    
Cola Espera Subir P2.Queue.WaitingTime      3.6124     (Insuf)    .00000     17.713        293    
Cola Espera Subir P3.Queue.WaitingTime      3.7381     (Insuf)    .00000     17.978        233    
Cola Espera Subir P4.Queue.WaitingTime      3.8536     (Insuf)    .00000     20.523        276    
Cola Subida.Queue.WaitingTime                   --         --         --         --          0
Grupo Personas en Ascensor de Subida.Queue  .47604     .17704     .00000     31.996       1112    
Ingreso al Elevador P3.Queue.WaitingTime    .73685     (Insuf)    .00000     8.8319        233    
Grupo Personas Bajar P2.Queue.WaitingTime   .05141     (Insuf)    .00000     5.9505        292    
Grupo Personas Bajar P3.Queue.WaitingTime   .11096     (Insuf)    .00000     4.3595        233    
Grupo Personas Bajar P4.Queue.WaitingTime   .07370     (Insuf)    .00000     4.4276        276    
Grupo Personas SubirPB.Queue.WaitingTime    .10843     (Insuf)    .00000     12.942        310    
Cola Bajada.Queue.WaitingTime                   --         --         --         --          0
Ingreso al Elevador de Subida.Queue.Waitin  .48920     .12555     .00000     19.252       1112    

                                     DISCRETE-CHANGE VARIABLES

Identifier                                  Average   Half Width  Minimum    Maximum   Final Value
___________________________________________________________________________________________________

Persona.WIP                                 .00000     (Insuf)    .00000     1.0000     .00000    
Hombre.WIP                                  6.3598     (Corr)     .00000     27.000     1.0000    
Mujer.WIP                                   6.7589     (Corr)     .00000     26.000     .00000    
AscensorSubida.NumberBusy                   .30451     (Corr)     .00000     6.0000     .00000    
AscensorSubida.NumberScheduled              5.6394     (Corr)     .00000     11.000     .00000    
AscensorSubida.Utilization                  .21352     (Corr)     .00000     1.0000     .00000    
AscensorBajada.NumberBusy                   .16990     (Corr)     .00000     4.0000     1.0000    
AscensorBajada.NumberScheduled              5.9512     (Corr)     .00000     11.000     11.000    
AscensorBajada.Utilization                  .12692     (Corr)     .00000     1.0000     .09091    
PuertaAscensor.NumberBusy                   .06418     (Corr)     .00000     1.0000     1.0000    
PuertaAscensor.NumberScheduled              1.0000     (Insuf)    1.0000     1.0000     1.0000    
PuertaAscensor.Utilization                  .06418     (Corr)     .00000     1.0000     1.0000    
Ingreso al Elevador PB.Queue.NumberInQueue  .00317     (Insuf)    .00000     2.0000     .00000    
Ingreso al Elevador P2.Queue.NumberInQueue  .00204     (Insuf)    .00000     1.0000     .00000    
Ingreso al Elevador P4.Queue.NumberInQueue  .00209     (Insuf)    .00000     2.0000     .00000    
Cola Espera Subir.Queue.NumberInQueue       .04082     (Corr)     .00000     3.0000     .00000    
Cola Espera Subir PB.Queue.NumberInQueue    .01613     (Corr)     .00000     2.0000     .00000    
Cola Espera Subir P2.Queue.NumberInQueue    .01388     (Insuf)    .00000     2.0000     .00000    
Cola Espera Subir P3.Queue.NumberInQueue    .01142     (Insuf)    .00000     2.0000     .00000    
Cola Espera Subir P4.Queue.NumberInQueue    .01395     (Insuf)    .00000     2.0000     .00000    
Cola Subida.Queue.NumberInQueue             .00000     (Insuf)    .00000     .00000     .00000    
Grupo Personas en Ascensor de Subida.Queue  .00694     (Insuf)    .00000     5.0000     .00000    
Ingreso al Elevador P3.Queue.NumberInQueue  .00225     (Insuf)    .00000     2.0000     .00000    
Grupo Personas Bajar P2.Queue.NumberInQueu  1.9688E-04 (Insuf)    .00000     2.0000     .00000    
Grupo Personas Bajar P3.Queue.NumberInQueu  3.3907E-04 (Insuf)    .00000     2.0000     .00000    
Grupo Personas Bajar P4.Queue.NumberInQueu  2.6678E-04 (Insuf)    .00000     2.0000     .00000    
Grupo Personas SubirPB.Queue.NumberInQueue  4.4084E-04 (Insuf)    .00000     2.0000     .00000    
Cola Bajada.Queue.NumberInQueue             .00000     (Insuf)    .00000     .00000     .00000    
Ingreso al Elevador de Subida.Queue.Number  .00713     (Corr)     .00000     3.0000     .00000    

                                             OUTPUTS

Identifier                                   Value
_____________________________________________________________

Persona.NumberIn                            771.00    
Persona.NumberOut                           771.00    
Hombre.NumberIn                             1379.0    
Hombre.NumberOut                            1378.0    
Mujer.NumberIn                              1425.0    
Mujer.NumberOut                             1425.0    
AscensorSubida.NumberSeized                 1422.0    
AscensorSubida.ScheduledUtilization         .05400    
AscensorBajada.NumberSeized                 802.00    
AscensorBajada.ScheduledUtilization         .02855    
PuertaAscensor.NumberSeized                 2224.0    
PuertaAscensor.ScheduledUtilization         .06418    
System.NumberOut                            770.00    

Beginning replication 9 of 10

                                      ARENA Simulation Results
                                     Usuario - License: STUDENT

                                  Summary for Replication 9 of 10

Project: Caso1Ascensor                                               Run execution date : 8/ 2/2019
Analyst: UserFreddy                                                  Model revision date: 8/ 2/2019

Replication ended at time      : 86400.0 Seconds 
Base Time Units: Seconds

                                           TALLY VARIABLES

Identifier                                  Average   Half Width  Minimum    Maximum   Observations
___________________________________________________________________________________________________

Persona.VATime                                  --         --         --         --          0
Persona.NVATime                                 --         --         --         --          0
Persona.WaitTime                                --         --         --         --          0
Persona.TranTime                                --         --         --         --          0
Persona.OtherTime                               --         --         --         --          0
Persona.TotalTime                               --         --         --         --          0
Hombre.VATime                               1196.1     77.316     117.64     5300.3        445    
Hombre.NVATime                              .00000     .00000     .00000     .00000        445    
Hombre.WaitTime                             13.413     1.1210     .00000     61.180        445    
Hombre.TranTime                             .00000     .00000     .00000     .00000        445    
Hombre.OtherTime                            .00000     .00000     .00000     .00000        445    
Hombre.TotalTime                            1209.5     77.718     124.87     5322.4        445    
Mujer.VATime                                1156.9     72.788     157.21     5963.1        423    
Mujer.NVATime                               .00000     .00000     .00000     .00000        423    
Mujer.WaitTime                              13.227     (Corr)     .00000     78.389        423    
Mujer.TranTime                              .00000     .00000     .00000     .00000        423    
Mujer.OtherTime                             .00000     .00000     .00000     .00000        423    
Mujer.TotalTime                             1170.2     73.262     170.32     6041.5        423    
Ingreso al Elevador PB.Queue.WaitingTime    .87577     (Insuf)    .00000     12.068        286    
Ingreso al Elevador P2.Queue.WaitingTime    .92421     (Insuf)    .00000     14.268        292    
Ingreso al Elevador P4.Queue.WaitingTime    .73015     (Insuf)    .00000     11.371        315    
Cola Espera Subir.Queue.WaitingTime         3.2226     .30531     .00000     22.694       1209    
Cola Espera Subir PB.Queue.WaitingTime      4.6191     (Insuf)    .00000     23.899        286    
Cola Espera Subir P2.Queue.WaitingTime      4.1743     (Insuf)    .00000     18.501        292    
Cola Espera Subir P3.Queue.WaitingTime      4.0193     (Insuf)    .00000     21.370        316    
Cola Espera Subir P4.Queue.WaitingTime      3.9196     (Insuf)    .00000     22.971        315    
Cola Subida.Queue.WaitingTime                   --         --         --         --          0
Grupo Personas en Ascensor de Subida.Queue  .57530     (Corr)     .00000     15.682       1209    
Ingreso al Elevador P3.Queue.WaitingTime    .80467     (Insuf)    .00000     18.053        316    
Grupo Personas Bajar P2.Queue.WaitingTime   .15657     (Insuf)    .00000     6.6500        292    
Grupo Personas Bajar P3.Queue.WaitingTime   .10611     (Insuf)    .00000     6.7205        316    
Grupo Personas Bajar P4.Queue.WaitingTime   .12026     (Insuf)    .00000     5.0467        315    
Grupo Personas SubirPB.Queue.WaitingTime    .09928     (Insuf)    .00000     5.7295        286    
Cola Bajada.Queue.WaitingTime                   --         --         --         --          0
Ingreso al Elevador de Subida.Queue.Waitin  .64294     (Corr)     .00000     15.141       1209    

                                     DISCRETE-CHANGE VARIABLES

Identifier                                  Average   Half Width  Minimum    Maximum   Final Value
___________________________________________________________________________________________________

Persona.WIP                                 .00000     (Insuf)    .00000     1.0000     .00000    
Hombre.WIP                                  6.4217     (Corr)     .00000     31.000     .00000    
Mujer.WIP                                   5.9102     (Corr)     .00000     31.000     .00000    
AscensorSubida.NumberBusy                   .27779     (Corr)     .00000     7.0000     .00000    
AscensorSubida.NumberScheduled              6.2031     (Corr)     .00000     11.000     11.000    
AscensorSubida.Utilization                  .18787     (Corr)     .00000     1.0000     .00000    
AscensorBajada.NumberBusy                   .17633     (Corr)     .00000     4.0000     .00000    
AscensorBajada.NumberScheduled              6.4589     (Corr)     .00000     11.000     11.000    
AscensorBajada.Utilization                  .12495     (Corr)     .00000     1.0000     .00000    
PuertaAscensor.NumberBusy                   .06183     (Corr)     .00000     1.0000     .00000    
PuertaAscensor.NumberScheduled              1.0000     (Insuf)    1.0000     1.0000     1.0000    
PuertaAscensor.Utilization                  .06183     (Corr)     .00000     1.0000     .00000    
Ingreso al Elevador PB.Queue.NumberInQueue  .00290     (Insuf)    .00000     2.0000     .00000    
Ingreso al Elevador P2.Queue.NumberInQueue  .00312     (Insuf)    .00000     3.0000     .00000    
Ingreso al Elevador P4.Queue.NumberInQueue  .00266     (Insuf)    .00000     2.0000     .00000    
Cola Espera Subir.Queue.NumberInQueue       .04509     (Corr)     .00000     3.0000     .00000    
Cola Espera Subir PB.Queue.NumberInQueue    .01529     (Corr)     .00000     2.0000     .00000    
Cola Espera Subir P2.Queue.NumberInQueue    .01411     (Insuf)    .00000     2.0000     .00000    
Cola Espera Subir P3.Queue.NumberInQueue    .01470     (Insuf)    .00000     2.0000     .00000    
Cola Espera Subir P4.Queue.NumberInQueue    .01429     (Insuf)    .00000     2.0000     .00000    
Cola Subida.Queue.NumberInQueue             .00000     (Insuf)    .00000     .00000     .00000    
Grupo Personas en Ascensor de Subida.Queue  .00805     (Corr)     .00000     5.0000     .00000    
Ingreso al Elevador P3.Queue.NumberInQueue  .00294     (Insuf)    .00000     2.0000     .00000    
Grupo Personas Bajar P2.Queue.NumberInQueu  5.2914E-04 (Insuf)    .00000     3.0000     .00000    
Grupo Personas Bajar P3.Queue.NumberInQueu  3.8807E-04 (Insuf)    .00000     4.0000     .00000    
Grupo Personas Bajar P4.Queue.NumberInQueu  4.3844E-04 (Insuf)    .00000     2.0000     .00000    
Grupo Personas SubirPB.Queue.NumberInQueue  3.2864E-04 (Insuf)    .00000     2.0000     .00000    
Cola Bajada.Queue.NumberInQueue             .00000     (Insuf)    .00000     .00000     .00000    
Ingreso al Elevador de Subida.Queue.Number  .00900     (Corr)     .00000     3.0000     .00000    

                                             OUTPUTS

Identifier                                   Value
_____________________________________________________________

Persona.NumberIn                            868.00    
Persona.NumberOut                           868.00    
Hombre.NumberIn                             1550.0    
Hombre.NumberOut                            1550.0    
Mujer.NumberIn                              1466.0    
Mujer.NumberOut                             1466.0    
AscensorSubida.NumberSeized                 1495.0    
AscensorSubida.ScheduledUtilization         .04478    
AscensorBajada.NumberSeized                 923.00    
AscensorBajada.ScheduledUtilization         .02730    
PuertaAscensor.NumberSeized                 2418.0    
PuertaAscensor.ScheduledUtilization         .06183    
System.NumberOut                            868.00    

Beginning replication 10 of 10

                                      ARENA Simulation Results
                                     Usuario - License: STUDENT

                                  Summary for Replication 10 of 10

Project: Caso1Ascensor                                               Run execution date : 8/ 2/2019
Analyst: UserFreddy                                                  Model revision date: 8/ 2/2019

Replication ended at time      : 86400.0 Seconds 
Base Time Units: Seconds

                                           TALLY VARIABLES

Identifier                                  Average   Half Width  Minimum    Maximum   Observations
___________________________________________________________________________________________________

Persona.VATime                                  --         --         --         --          0
Persona.NVATime                                 --         --         --         --          0
Persona.WaitTime                                --         --         --         --          0
Persona.TranTime                                --         --         --         --          0
Persona.OtherTime                               --         --         --         --          0
Persona.TotalTime                               --         --         --         --          0
Hombre.VATime                               1237.6     87.191     186.12     4418.6        433    
Hombre.NVATime                              .00000     .00000     .00000     .00000        433    
Hombre.WaitTime                             13.714     1.3382     .00000     72.542        433    
Hombre.TranTime                             .00000     .00000     .00000     .00000        433    
Hombre.OtherTime                            .00000     .00000     .00000     .00000        433    
Hombre.TotalTime                            1251.4     87.817     186.12     4462.3        433    
Mujer.VATime                                1228.8     (Corr)     121.79     4912.4        411    
Mujer.NVATime                               .00000     .00000     .00000     .00000        411    
Mujer.WaitTime                              13.414     1.4106     .00000     91.755        411    
Mujer.TranTime                              .00000     .00000     .00000     .00000        411    
Mujer.OtherTime                             .00000     .00000     .00000     .00000        411    
Mujer.TotalTime                             1242.2     (Corr)     121.79     4960.9        411    
Ingreso al Elevador PB.Queue.WaitingTime    .78732     (Insuf)    .00000     9.3674        298    
Ingreso al Elevador P2.Queue.WaitingTime    .81096     (Insuf)    .00000     8.4242        304    
Ingreso al Elevador P4.Queue.WaitingTime    .55282     (Insuf)    .00000     12.489        319    
Cola Espera Subir.Queue.WaitingTime         3.4405     .33450     .00000     22.028       1215    
Cola Espera Subir PB.Queue.WaitingTime      4.2936     (Insuf)    .00000     18.750        298    
Cola Espera Subir P2.Queue.WaitingTime      3.7554     (Insuf)    .00000     21.904        304    
Cola Espera Subir P3.Queue.WaitingTime      3.9287     (Insuf)    .00000     17.191        294    
Cola Espera Subir P4.Queue.WaitingTime      4.5397     (Insuf)    .00000     19.379        319    
Cola Subida.Queue.WaitingTime                   --         --         --         --          0
Grupo Personas en Ascensor de Subida.Queue  .46228     (Corr)     .00000     12.489       1215    
Ingreso al Elevador P3.Queue.WaitingTime    .65812     (Insuf)    .00000     11.667        294    
Grupo Personas Bajar P2.Queue.WaitingTime   .07584     (Insuf)    .00000     6.2449        304    
Grupo Personas Bajar P3.Queue.WaitingTime   .14004     (Insuf)    .00000     6.3002        294    
Grupo Personas Bajar P4.Queue.WaitingTime   .07855     (Insuf)    .00000     3.5532        319    
Grupo Personas SubirPB.Queue.WaitingTime    .07580     (Insuf)    .00000     5.1336        298    
Cola Bajada.Queue.WaitingTime                   --         --         --         --          0
Ingreso al Elevador de Subida.Queue.Waitin  .59472     (Corr)     .00000     15.612       1215    

                                     DISCRETE-CHANGE VARIABLES

Identifier                                  Average   Half Width  Minimum    Maximum   Final Value
___________________________________________________________________________________________________

Persona.WIP                                 .00000     (Insuf)    .00000     1.0000     .00000    
Hombre.WIP                                  6.4673     (Corr)     .00000     28.000     .00000    
Mujer.WIP                                   6.0953     (Corr)     .00000     29.000     .00000    
AscensorSubida.NumberBusy                   .27931     (Corr)     .00000     6.0000     .00000    
AscensorSubida.NumberScheduled              6.1024     (Corr)     .00000     11.000     11.000    
AscensorSubida.Utilization                  .19181     (Corr)     .00000     1.0000     .00000    
AscensorBajada.NumberBusy                   .17381     (Corr)     .00000     5.0000     .00000    
AscensorBajada.NumberScheduled              6.3551     (Corr)     .00000     11.000     11.000    
AscensorBajada.Utilization                  .12950     (Corr)     .00000     1.0000     .00000    
PuertaAscensor.NumberBusy                   .06036     (Corr)     .00000     1.0000     .00000    
PuertaAscensor.NumberScheduled              1.0000     (Insuf)    1.0000     1.0000     1.0000    
PuertaAscensor.Utilization                  .06036     (Corr)     .00000     1.0000     .00000    
Ingreso al Elevador PB.Queue.NumberInQueue  .00272     (Insuf)    .00000     2.0000     .00000    
Ingreso al Elevador P2.Queue.NumberInQueue  .00285     (Insuf)    .00000     3.0000     .00000    
Ingreso al Elevador P4.Queue.NumberInQueue  .00204     (Insuf)    .00000     2.0000     .00000    
Cola Espera Subir.Queue.NumberInQueue       .04838     (Corr)     .00000     4.0000     .00000    
Cola Espera Subir PB.Queue.NumberInQueue    .01481     (Corr)     .00000     2.0000     .00000    
Cola Espera Subir P2.Queue.NumberInQueue    .01321     (Insuf)    .00000     3.0000     .00000    
Cola Espera Subir P3.Queue.NumberInQueue    .01337     (Insuf)    .00000     2.0000     .00000    
Cola Espera Subir P4.Queue.NumberInQueue    .01676     (Insuf)    .00000     2.0000     .00000    
Cola Subida.Queue.NumberInQueue             .00000     (Insuf)    .00000     .00000     .00000    
Grupo Personas en Ascensor de Subida.Queue  .00650     (Corr)     .00000     4.0000     .00000    
Ingreso al Elevador P3.Queue.NumberInQueue  .00224     (Insuf)    .00000     2.0000     .00000    
Grupo Personas Bajar P2.Queue.NumberInQueu  2.6684E-04 (Insuf)    .00000     3.0000     .00000    
Grupo Personas Bajar P3.Queue.NumberInQueu  4.7653E-04 (Insuf)    .00000     3.0000     .00000    
Grupo Personas Bajar P4.Queue.NumberInQueu  2.9003E-04 (Insuf)    .00000     2.0000     .00000    
Grupo Personas SubirPB.Queue.NumberInQueue  2.6145E-04 (Insuf)    .00000     2.0000     .00000    
Cola Bajada.Queue.NumberInQueue             .00000     (Insuf)    .00000     .00000     .00000    
Ingreso al Elevador de Subida.Queue.Number  .00836     (Corr)     .00000     3.0000     .00000    

                                             OUTPUTS

Identifier                                   Value
_____________________________________________________________

Persona.NumberIn                            844.00    
Persona.NumberOut                           844.00    
Hombre.NumberIn                             1561.0    
Hombre.NumberOut                            1561.0    
Mujer.NumberIn                              1482.0    
Mujer.NumberOut                             1482.0    
AscensorSubida.NumberSeized                 1513.0    
AscensorSubida.ScheduledUtilization         .04577    
AscensorBajada.NumberSeized                 917.00    
AscensorBajada.ScheduledUtilization         .02735    
PuertaAscensor.NumberSeized                 2430.0    
PuertaAscensor.ScheduledUtilization         .06036    
System.NumberOut                            844.00    


                                      ARENA Simulation Results
                                     Usuario - License: STUDENT

                                 Output Summary for 10 Replications

Project: Caso1Ascensor                                               Run execution date : 8/ 2/2019
Analyst: UserFreddy                                                  Model revision date: 8/ 2/2019


                                             OUTPUTS

Identifier                                 Average    Half-width Minimum    Maximum # Replications
___________________________________________________________________________________________________

Persona.NumberIn                            845.30     49.199     713.00     950.00     10
Persona.NumberOut                           845.30     49.199     713.00     950.00     10
Hombre.NumberIn                             1503.9     76.618     1347.0     1664.0     10
Hombre.NumberOut                            1503.8     76.711     1347.0     1664.0     10
Mujer.NumberIn                              1470.3     94.561     1175.0     1683.0     10
Mujer.NumberOut                             1470.3     94.561     1175.0     1683.0     10
AscensorSubida.NumberSeized                 1485.3     87.359     1225.0     1679.0     10
AscensorSubida.ScheduledUtilization         .04560     .00344     .03625     .05400     10
AscensorBajada.NumberSeized                 892.90     47.651     759.00     975.00     10
AscensorBajada.ScheduledUtilization         .02665     .00144     .02173     .02855     10
PuertaAscensor.NumberSeized                 2378.2     132.53     1984.0     2654.0     10
PuertaAscensor.ScheduledUtilization         .05979     .00305     .04938     .06418     10
System.NumberOut                            845.20     49.286     713.00     950.00     10

Simulation run time: 2.25 minutes.
Simulation run complete.
